2023-12-23 22:34:48.694  INFO 5692 --- [main] i.g.v.m.MscartoesApplicationTests        : Starting MscartoesApplicationTests using Java 17.0.9 on meu-pc with PID 5692 (started by vinic in C:\Users\vinic\Projeto_cursoms\projeto-cursoms\mscartoes)
2023-12-23 22:34:48.699  INFO 5692 --- [main] i.g.v.m.MscartoesApplicationTests        : The following 1 profile is active: "local"
2023-12-23 22:34:50.172  INFO 5692 --- [main] .s.d.r.c.RepositoryConfigurationDelegate : Bootstrapping Spring Data JPA repositories in DEFAULT mode.
2023-12-23 22:34:50.360  INFO 5692 --- [main] .s.d.r.c.RepositoryConfigurationDelegate : Finished Spring Data repository scanning in 180 ms. Found 2 JPA repository interfaces.
2023-12-23 22:34:50.714  INFO 5692 --- [main] o.s.cloud.context.scope.GenericScope     : BeanFactory id=32ed6c6f-0aee-3ec2-bfcb-73f9e4906cc6
2023-12-23 22:34:51.418  INFO 5692 --- [main] com.zaxxer.hikari.HikariDataSource       : HikariPool-1 - Starting...
2023-12-23 22:34:51.711  INFO 5692 --- [main] com.zaxxer.hikari.HikariDataSource       : HikariPool-1 - Start completed.
2023-12-23 22:34:51.795  INFO 5692 --- [main] o.hibernate.jpa.internal.util.LogHelper  : HHH000204: Processing PersistenceUnitInfo [name: default]
2023-12-23 22:34:51.876  INFO 5692 --- [main] org.hibernate.Version                    : HHH000412: Hibernate ORM core version 5.6.9.Final
2023-12-23 22:34:52.144  INFO 5692 --- [main] o.hibernate.annotations.common.Version   : HCANN000001: Hibernate Commons Annotations {5.1.2.Final}
2023-12-23 22:34:52.329  INFO 5692 --- [main] org.hibernate.dialect.Dialect            : HHH000400: Using dialect: org.hibernate.dialect.H2Dialect
2023-12-23 22:34:52.966  INFO 5692 --- [main] o.h.e.t.j.p.i.JtaPlatformInitiator       : HHH000490: Using JtaPlatform implementation: [org.hibernate.engine.transaction.jta.platform.internal.NoJtaPlatform]
2023-12-23 22:34:52.975  INFO 5692 --- [main] j.LocalContainerEntityManagerFactoryBean : Initialized JPA EntityManagerFactory for persistence unit 'default'
2023-12-23 22:34:53.960  WARN 5692 --- [main] JpaBaseConfiguration$JpaWebConfiguration : spring.jpa.open-in-view is enabled by default. Therefore, database queries may be performed during view rendering. Explicitly configure spring.jpa.open-in-view to disable this warning
2023-12-23 22:34:57.395  INFO 5692 --- [main] DiscoveryClientOptionalArgsConfiguration : Eureka HTTP Client uses RestTemplate.
2023-12-23 22:34:57.567  WARN 5692 --- [main] iguration$LoadBalancerCaffeineWarnLogger : Spring Cloud LoadBalancer is currently working with the default cache. While this cache implementation is useful for development and tests, it's recommended to use Caffeine cache in production.You can switch to using Caffeine cache, by adding it and org.springframework.cache.caffeine.CaffeineCacheManager to the classpath.
2023-12-23 22:34:57.582  INFO 5692 --- [main] o.s.b.a.e.web.EndpointLinksResolver      : Exposing 17 endpoint(s) beneath base path '/actuator'
2023-12-23 22:34:57.699  INFO 5692 --- [main] o.s.a.r.c.CachingConnectionFactory       : Attempting to connect to: [localhost:5672]
2023-12-23 22:34:57.717  INFO 5692 --- [main] o.s.a.r.l.SimpleMessageListenerContainer : Broker not available; cannot force queue declarations during start: java.net.ConnectException: Connection refused: no further information
2023-12-23 22:34:57.728  INFO 5692 --- [org.springframework.amqp.rabbit.RabbitListenerEndpointContainer#0-1] o.s.a.r.c.CachingConnectionFactory       : Attempting to connect to: [localhost:5672]
2023-12-23 22:34:57.773  INFO 5692 --- [main] i.g.v.m.MscartoesApplicationTests        : Started MscartoesApplicationTests in 9.695 seconds (JVM running for 10.789)
2023-12-23 22:34:58.174  INFO 5692 --- [SpringApplicationShutdownHook] o.s.c.n.eureka.InstanceInfoFactory       : Setting initial instance status as: STARTING
2023-12-23 22:34:58.178  INFO 5692 --- [SpringApplicationShutdownHook] o.s.c.n.e.s.EurekaServiceRegistry        : Unregistering application MSCARTOES with eureka with status DOWN
2023-12-23 22:34:58.184  INFO 5692 --- [org.springframework.amqp.rabbit.RabbitListenerEndpointContainer#0-2] o.s.a.r.l.SimpleMessageListenerContainer : Waiting for workers to finish.
2023-12-23 22:34:58.185  INFO 5692 --- [org.springframework.amqp.rabbit.RabbitListenerEndpointContainer#0-2] o.s.a.r.l.SimpleMessageListenerContainer : Successfully waited for workers to finish.
2023-12-23 22:34:58.199  INFO 5692 --- [SpringApplicationShutdownHook] o.s.a.r.l.SimpleMessageListenerContainer : Shutdown ignored - container is already stopped
2023-12-23 22:34:58.202  INFO 5692 --- [SpringApplicationShutdownHook] j.LocalContainerEntityManagerFactoryBean : Closing JPA EntityManagerFactory for persistence unit 'default'
2023-12-23 22:34:58.202  INFO 5692 --- [SpringApplicationShutdownHook] .SchemaDropperImpl$DelayedDropActionImpl : HHH000477: Starting delayed evictData of schema as part of SessionFactory shut-down'
2023-12-23 22:34:58.209  INFO 5692 --- [SpringApplicationShutdownHook] com.zaxxer.hikari.HikariDataSource       : HikariPool-1 - Shutdown initiated...
2023-12-23 22:34:58.212  INFO 5692 --- [SpringApplicationShutdownHook] com.zaxxer.hikari.HikariDataSource       : HikariPool-1 - Shutdown completed.
2023-12-23 22:36:11.248  INFO 12760 --- [main] i.g.v.m.MscartoesApplicationTests        : Starting MscartoesApplicationTests using Java 17.0.9 on meu-pc with PID 12760 (started by vinic in C:\Users\vinic\Projeto_cursoms\projeto-cursoms\mscartoes)
2023-12-23 22:36:11.249  INFO 12760 --- [main] i.g.v.m.MscartoesApplicationTests        : The following 1 profile is active: "local"
2023-12-23 22:36:12.684  INFO 12760 --- [main] .s.d.r.c.RepositoryConfigurationDelegate : Bootstrapping Spring Data JPA repositories in DEFAULT mode.
2023-12-23 22:36:12.864  INFO 12760 --- [main] .s.d.r.c.RepositoryConfigurationDelegate : Finished Spring Data repository scanning in 169 ms. Found 2 JPA repository interfaces.
2023-12-23 22:36:13.179  INFO 12760 --- [main] o.s.cloud.context.scope.GenericScope     : BeanFactory id=32ed6c6f-0aee-3ec2-bfcb-73f9e4906cc6
2023-12-23 22:36:13.811  INFO 12760 --- [main] com.zaxxer.hikari.HikariDataSource       : HikariPool-1 - Starting...
2023-12-23 22:36:14.074  INFO 12760 --- [main] com.zaxxer.hikari.HikariDataSource       : HikariPool-1 - Start completed.
2023-12-23 22:36:14.170  INFO 12760 --- [main] o.hibernate.jpa.internal.util.LogHelper  : HHH000204: Processing PersistenceUnitInfo [name: default]
2023-12-23 22:36:14.254  INFO 12760 --- [main] org.hibernate.Version                    : HHH000412: Hibernate ORM core version 5.6.9.Final
2023-12-23 22:36:14.455  INFO 12760 --- [main] o.hibernate.annotations.common.Version   : HCANN000001: Hibernate Commons Annotations {5.1.2.Final}
2023-12-23 22:36:14.799  INFO 12760 --- [main] org.hibernate.dialect.Dialect            : HHH000400: Using dialect: org.hibernate.dialect.H2Dialect
2023-12-23 22:36:15.464  INFO 12760 --- [main] o.h.e.t.j.p.i.JtaPlatformInitiator       : HHH000490: Using JtaPlatform implementation: [org.hibernate.engine.transaction.jta.platform.internal.NoJtaPlatform]
2023-12-23 22:36:15.471  INFO 12760 --- [main] j.LocalContainerEntityManagerFactoryBean : Initialized JPA EntityManagerFactory for persistence unit 'default'
2023-12-23 22:36:16.490  WARN 12760 --- [main] JpaBaseConfiguration$JpaWebConfiguration : spring.jpa.open-in-view is enabled by default. Therefore, database queries may be performed during view rendering. Explicitly configure spring.jpa.open-in-view to disable this warning
2023-12-23 22:36:19.776  INFO 12760 --- [main] DiscoveryClientOptionalArgsConfiguration : Eureka HTTP Client uses RestTemplate.
2023-12-23 22:36:19.949  WARN 12760 --- [main] iguration$LoadBalancerCaffeineWarnLogger : Spring Cloud LoadBalancer is currently working with the default cache. While this cache implementation is useful for development and tests, it's recommended to use Caffeine cache in production.You can switch to using Caffeine cache, by adding it and org.springframework.cache.caffeine.CaffeineCacheManager to the classpath.
2023-12-23 22:36:19.967  INFO 12760 --- [main] o.s.b.a.e.web.EndpointLinksResolver      : Exposing 17 endpoint(s) beneath base path '/actuator'
2023-12-23 22:36:20.078  INFO 12760 --- [main] o.s.a.r.c.CachingConnectionFactory       : Attempting to connect to: [localhost:5672]
2023-12-23 22:36:20.094  INFO 12760 --- [main] o.s.a.r.l.SimpleMessageListenerContainer : Broker not available; cannot force queue declarations during start: java.net.ConnectException: Connection refused: no further information
2023-12-23 22:36:20.106  INFO 12760 --- [org.springframework.amqp.rabbit.RabbitListenerEndpointContainer#0-1] o.s.a.r.c.CachingConnectionFactory       : Attempting to connect to: [localhost:5672]
2023-12-23 22:36:20.134  INFO 12760 --- [main] i.g.v.m.MscartoesApplicationTests        : Started MscartoesApplicationTests in 9.473 seconds (JVM running for 10.573)
2023-12-23 22:36:20.513  INFO 12760 --- [SpringApplicationShutdownHook] o.s.c.n.eureka.InstanceInfoFactory       : Setting initial instance status as: STARTING
2023-12-23 22:36:20.521  INFO 12760 --- [SpringApplicationShutdownHook] o.s.c.n.e.s.EurekaServiceRegistry        : Unregistering application MSCARTOES with eureka with status DOWN
2023-12-23 22:36:20.527  INFO 12760 --- [org.springframework.amqp.rabbit.RabbitListenerEndpointContainer#0-2] o.s.a.r.l.SimpleMessageListenerContainer : Waiting for workers to finish.
2023-12-23 22:36:20.528  INFO 12760 --- [org.springframework.amqp.rabbit.RabbitListenerEndpointContainer#0-2] o.s.a.r.l.SimpleMessageListenerContainer : Successfully waited for workers to finish.
2023-12-23 22:36:20.539  INFO 12760 --- [SpringApplicationShutdownHook] o.s.a.r.l.SimpleMessageListenerContainer : Shutdown ignored - container is already stopped
2023-12-23 22:36:20.543  INFO 12760 --- [SpringApplicationShutdownHook] j.LocalContainerEntityManagerFactoryBean : Closing JPA EntityManagerFactory for persistence unit 'default'
2023-12-23 22:36:20.543  INFO 12760 --- [SpringApplicationShutdownHook] .SchemaDropperImpl$DelayedDropActionImpl : HHH000477: Starting delayed evictData of schema as part of SessionFactory shut-down'
2023-12-23 22:36:20.551  INFO 12760 --- [SpringApplicationShutdownHook] com.zaxxer.hikari.HikariDataSource       : HikariPool-1 - Shutdown initiated...
2023-12-23 22:36:20.554  INFO 12760 --- [SpringApplicationShutdownHook] com.zaxxer.hikari.HikariDataSource       : HikariPool-1 - Shutdown completed.
